conf_host_basic                153       N/A        N/A          40
conf_host_network              153       N/A        N/A          40
file_crontab_command_files     153       3.13       400          86390
ftp_snap_f5_pool               1         3.14       400          40
perf_host_iostat               151       3.51       800          40
perf_host_vmstat               153       5.29       800          40
perf_ora_available_storage     59        0.33       40           1800
perf_ora_basic                 99        3.13       400          40
snap_cics_client_status        0         3.13       400          50
snap_ggs_status                20        0.48       60           40
snap_host_check_server_ports   153       2.98       400          86395
snap_host_crontab              152       2.98       400          3590
snap_host_dba_users            99        1.45       400          86400
snap_host_df                   153       0.31       10           170
snap_host_netstat              153       1.59       180          40
snap_host_ps                   90        0.53       1.08333      40
snap_midware_log               2         3.46       18           50
snap_ora_alert                 99        15.63      730          50
snap_ora_any_table_accounts    59        3.13       400          86400
snap_ora_check_default_pwd     0         1.45       400          9999999
snap_ora_check_monthly_tables  59        0.27       1            21600
snap_ora_check_scn_bug         0         0          N/A          86400
snap_ora_conf                  99        1.44       400          86400
snap_ora_lock                  99        1.67       180          40
snap_ora_lock_cursors          10        2.86       400          40
snap_ora_lock_kbs              8         2.66       400          40
snap_ora_lock_kill_log         10        2.65       400          40
snap_ora_lock_locks            10        2.65       400          40
snap_ora_lock_sessions         10        2.65       400          40
snap_ora_lock_sqls             10        2.65       400          40
snap_ora_lock_waits            10        2.65       400          40
snap_ora_lsnr_check            0         1.41       400          86400
snap_ora_params                99        1.45       400          86400
snap_ora_privs                 59        1.45       400          86400
snap_ora_profile               59        1.45       400          86400
snap_ora_pwd_check             0         1.41       400          9999999
snap_ora_session               96        27.2       400          40
snap_ora_sp_background_wait    20        1.91       730          50
snap_ora_sp_cluster_specific   20        1.5        730          50
snap_ora_sp_file_io            20        8.19       730          50
snap_ora_sp_ges_cluster_stat   20        1.5        730          50
snap_ora_sp_instance_activity  20        4.32       730          50
snap_ora_sp_instance_effici    20        1.58       730          50
snap_ora_sp_load_profile       20        1.81       730          50
snap_ora_sp_sql_buffer_gets    20        1.3        730          50
snap_ora_sp_sql_executions     20        1.2        730          50
snap_ora_sp_sql_parse_calls    20        1.2        730          50
snap_ora_sp_sql_physical_r     20        1.2        730          50
snap_ora_sp_sql_shareable_mem  20        1.2        730          50
snap_ora_sp_sql_version_count  20        1.2        730          50
snap_ora_sp_system_event       20        1.89       730          50
snap_ora_sp_tablespace_io      20        1.49       730          50
snap_ora_sp_top_wait_events    20        1.35       730          50
snap_ora_sqltext               0         0.72       90           40
snap_ora_statspack_reports     20        1.5        730          50
snap_ora_tablespace            59        5.07       370          290
snap_ora_users                 59        1.45       400          86400
snap_workflow_pbhs             1         3.13       400          40
