internal check_datetime ls1
basic snap_ora_check_scn_bug 1352276761
basic snap_ora_session 1358499900
basic file_crontab_command_files 1366934400
basic snap_host_check_server_ports 1366934400
basic snap_host_dba_users 1366935120
basic snap_ora_any_table_accounts 1366935120
basic snap_ora_conf 1366935120
basic snap_ora_params 1366935120
basic snap_ora_privs 1366935120
basic snap_ora_profile 1366935120
basic snap_ora_users 1366935120
basic snap_host_crontab 1366962720
basic perf_ora_available_storage 1366964940
basic snap_host_df 1366965180
basic snap_ora_tablespace 1366965240
basic conf_host_basic 1366965300
basic conf_host_network 1366965300
basic perf_host_iostat 1366965300
basic perf_host_vmstat 1366965300
basic perf_ora_basic 1366965300
basic snap_host_netstat 1366965300
basic snap_host_ps 1366965300
basic snap_ora_alert 1366965300
basic snap_ora_lock 1366965300
